<?xml version="1.0" encoding="UTF-8"?>
<testsuite xmlns:xsi="http://www.w3.org/2001/XMLSchema-instance" xsi:noNamespaceSchemaLocation="https://maven.apache.org/surefire/maven-surefire-plugin/xsd/surefire-test-report.xsd" version="3.0.2" name="com.revytechinc.honchoinspector.honcho.v3.MessagesProviderV3UnitTest" time="0.002" tests="3" errors="0" skipped="0" failures="0" flakes="0">
  <properties>
[...]
</properties>
  <testcase name="searchSessionMessages_advertisesV3PostOnSearchPath" classname="com.revytechinc.honchoinspector.honcho.v3.MessagesProviderV3UnitTest" time="0.0"/>
  <testcase name="addMessage_advertisesV3PostOnMessagesPath" classname="com.revytechinc.honchoinspector.honcho.v3.MessagesProviderV3UnitTest" time="0.0"/>
  <testcase name="listSessionMessages_advertisesV3GetOnMessagesPath" classname="com.revytechinc.honchoinspector.honcho.v3.MessagesProviderV3UnitTest" time="0.001"/>
</testsuite>